<?xml version="1.0" encoding="UTF-8"?>
<!-- Generated by org.testng.reporters.JUnitReportReporter -->
<testsuite hostname="DESKTOP-B5KHRRK" failures="0" tests="1" name="CrowdTestNgRunner" time="19.895" errors="0" timestamp="21 oct. 2022 15:04:27 GMT" skipped="0">
  <testcase classname="CrowdTestNgRunner" name="runScenario" time="19.895"/>
</testsuite> <!-- CrowdTestNgRunner -->
