<?xml version="1.0" encoding="UTF-8"?>
<!-- Generated by org.testng.reporters.JUnitReportReporter -->
<testsuite hostname="DESKTOP-B5KHRRK" failures="0" tests="4" name="CrowdTestNgRunner" time="23.497" errors="0" timestamp="28 oct. 2022 18:07:34 GMT" skipped="0">
  <testcase classname="CrowdTestNgRunner" name="runScenario" time="5.475"/>
  <testcase classname="CrowdTestNgRunner" name="runScenario" time="4.735"/>
  <testcase classname="CrowdTestNgRunner" name="runScenario" time="6.097"/>
  <testcase classname="CrowdTestNgRunner" name="runScenario" time="7.190"/>
</testsuite> <!-- CrowdTestNgRunner -->
